[2020-07-22 06:53:11] local.ERROR: ErrorException: Undefined index: faza in /var/www/html/app/Models/BillingModel.php:320
Stack trace:
#0 /var/www/html/app/Models/BillingModel.php(320): Laravel\Lumen\Application->Laravel\Lumen\Concerns\{closure}(8, 'Undefined index...', '/var/www/html/a...', 320, Array)
#1 /var/www/html/app/Http/Controllers/BillingController.php(75): App\Models\BillingModel->call_billing_procedure(Array)
#2 [internal function]: App\Http\Controllers\BillingController->billing_procedure()
#3 /var/www/html/vendor/illuminate/container/BoundMethod.php(33): call_user_func_array(Array, Array)
#4 /var/www/html/vendor/illuminate/container/Util.php(37): Illuminate\Container\BoundMethod::Illuminate\Container\{closure}()
#5 /var/www/html/vendor/illuminate/container/BoundMethod.php(91): Illuminate\Container\Util::unwrapIfClosure(Object(Closure))
#6 /var/www/html/vendor/illuminate/container/BoundMethod.php(35): Illuminate\Container\BoundMethod::callBoundMethod(Object(Laravel\Lumen\Application), Array, Object(Closure))
#7 /var/www/html/vendor/illuminate/container/Container.php(592): Illuminate\Container\BoundMethod::call(Object(Laravel\Lumen\Application), Array, Array, NULL)
#8 /var/www/html/vendor/laravel/lumen-framework/src/Concerns/RoutesRequests.php(386): Illuminate\Container\Container->call(Array, Array)
#9 /var/www/html/vendor/laravel/lumen-framework/src/Concerns/RoutesRequests.php(352): Laravel\Lumen\Application->callControllerCallable(Array, Array)
#10 /var/www/html/vendor/laravel/lumen-framework/src/Concerns/RoutesRequests.php(326): Laravel\Lumen\Application->callLumenController(Object(App\Http\Controllers\BillingController), 'billing_procedu...', Array)
#11 /var/www/html/vendor/laravel/lumen-framework/src/Concerns/RoutesRequests.php(279): Laravel\Lumen\Application->callControllerAction(Array)
#12 /var/www/html/vendor/laravel/lumen-framework/src/Concerns/RoutesRequests.php(264): Laravel\Lumen\Application->callActionOnArrayBasedRoute(Array)
#13 /var/www/html/vendor/laravel/lumen-framework/src/Concerns/RoutesRequests.php(166): Laravel\Lumen\Application->handleFoundRoute(Array)
#14 /var/www/html/vendor/laravel/lumen-framework/src/Concerns/RoutesRequests.php(426): Laravel\Lumen\Application->Laravel\Lumen\Concerns\{closure}(Object(Laravel\Lumen\Http\Request))
#15 /var/www/html/vendor/laravel/lumen-framework/src/Concerns/RoutesRequests.php(172): Laravel\Lumen\Application->sendThroughPipeline(Array, Object(Closure))
#16 /var/www/html/vendor/laravel/lumen-framework/src/Concerns/RoutesRequests.php(109): Laravel\Lumen\Application->dispatch(NULL)
#17 /var/www/html/public/index.php(28): Laravel\Lumen\Application->run()
#18 {main} {"exception":"[object] (ErrorException(code: 0): Undefined index: faza at /var/www/html/app/Models/BillingModel.php:320)
[stacktrace]
#0 /var/www/html/app/Models/BillingModel.php(320): Laravel\\Lumen\\Application->Laravel\\Lumen\\Concerns\\{closure}(8, 'Undefined index...', '/var/www/html/a...', 320, Array)
#1 /var/www/html/app/Http/Controllers/BillingController.php(75): App\\Models\\BillingModel->call_billing_procedure(Array)
#2 [internal function]: App\\Http\\Controllers\\BillingController->billing_procedure()
#3 /var/www/html/vendor/illuminate/container/BoundMethod.php(33): call_user_func_array(Array, Array)
#4 /var/www/html/vendor/illuminate/container/Util.php(37): Illuminate\\Container\\BoundMethod::Illuminate\\Container\\{closure}()
#5 /var/www/html/vendor/illuminate/container/BoundMethod.php(91): Illuminate\\Container\\Util::unwrapIfClosure(Object(Closure))
#6 /var/www/html/vendor/illuminate/container/BoundMethod.php(35): Illuminate\\Container\\BoundMethod::callBoundMethod(Object(Laravel\\Lumen\\Application), Array, Object(Closure))
#7 /var/www/html/vendor/illuminate/container/Container.php(592): Illuminate\\Container\\BoundMethod::call(Object(Laravel\\Lumen\\Application), Array, Array, NULL)
#8 /var/www/html/vendor/laravel/lumen-framework/src/Concerns/RoutesRequests.php(386): Illuminate\\Container\\Container->call(Array, Array)
#9 /var/www/html/vendor/laravel/lumen-framework/src/Concerns/RoutesRequests.php(352): Laravel\\Lumen\\Application->callControllerCallable(Array, Array)
#10 /var/www/html/vendor/laravel/lumen-framework/src/Concerns/RoutesRequests.php(326): Laravel\\Lumen\\Application->callLumenController(Object(App\\Http\\Controllers\\BillingController), 'billing_procedu...', Array)
#11 /var/www/html/vendor/laravel/lumen-framework/src/Concerns/RoutesRequests.php(279): Laravel\\Lumen\\Application->callControllerAction(Array)
#12 /var/www/html/vendor/laravel/lumen-framework/src/Concerns/RoutesRequests.php(264): Laravel\\Lumen\\Application->callActionOnArrayBasedRoute(Array)
#13 /var/www/html/vendor/laravel/lumen-framework/src/Concerns/RoutesRequests.php(166): Laravel\\Lumen\\Application->handleFoundRoute(Array)
#14 /var/www/html/vendor/laravel/lumen-framework/src/Concerns/RoutesRequests.php(426): Laravel\\Lumen\\Application->Laravel\\Lumen\\Concerns\\{closure}(Object(Laravel\\Lumen\\Http\\Request))
#15 /var/www/html/vendor/laravel/lumen-framework/src/Concerns/RoutesRequests.php(172): Laravel\\Lumen\\Application->sendThroughPipeline(Array, Object(Closure))
#16 /var/www/html/vendor/laravel/lumen-framework/src/Concerns/RoutesRequests.php(109): Laravel\\Lumen\\Application->dispatch(NULL)
#17 /var/www/html/public/index.php(28): Laravel\\Lumen\\Application->run()
#18 {main}
"} 
[2020-07-22 06:53:38] local.ERROR: ErrorException: oci_parse() expects parameter 1 to be resource, null given in /var/www/html/app/Models/BillingModel.php:325
Stack trace:
#0 [internal function]: Laravel\Lumen\Application->Laravel\Lumen\Concerns\{closure}(2, 'oci_parse() exp...', '/var/www/html/a...', 325, Array)
#1 /var/www/html/app/Models/BillingModel.php(325): oci_parse(NULL, 'begin :db_resul...')
#2 /var/www/html/app/Http/Controllers/BillingController.php(75): App\Models\BillingModel->call_billing_procedure(NULL)
#3 [internal function]: App\Http\Controllers\BillingController->billing_procedure()
#4 /var/www/html/vendor/illuminate/container/BoundMethod.php(33): call_user_func_array(Array, Array)
#5 /var/www/html/vendor/illuminate/container/Util.php(37): Illuminate\Container\BoundMethod::Illuminate\Container\{closure}()
#6 /var/www/html/vendor/illuminate/container/BoundMethod.php(91): Illuminate\Container\Util::unwrapIfClosure(Object(Closure))
#7 /var/www/html/vendor/illuminate/container/BoundMethod.php(35): Illuminate\Container\BoundMethod::callBoundMethod(Object(Laravel\Lumen\Application), Array, Object(Closure))
#8 /var/www/html/vendor/illuminate/container/Container.php(592): Illuminate\Container\BoundMethod::call(Object(Laravel\Lumen\Application), Array, Array, NULL)
#9 /var/www/html/vendor/laravel/lumen-framework/src/Concerns/RoutesRequests.php(386): Illuminate\Container\Container->call(Array, Array)
#10 /var/www/html/vendor/laravel/lumen-framework/src/Concerns/RoutesRequests.php(352): Laravel\Lumen\Application->callControllerCallable(Array, Array)
#11 /var/www/html/vendor/laravel/lumen-framework/src/Concerns/RoutesRequests.php(326): Laravel\Lumen\Application->callLumenController(Object(App\Http\Controllers\BillingController), 'billing_procedu...', Array)
#12 /var/www/html/vendor/laravel/lumen-framework/src/Concerns/RoutesRequests.php(279): Laravel\Lumen\Application->callControllerAction(Array)
#13 /var/www/html/vendor/laravel/lumen-framework/src/Concerns/RoutesRequests.php(264): Laravel\Lumen\Application->callActionOnArrayBasedRoute(Array)
#14 /var/www/html/vendor/laravel/lumen-framework/src/Concerns/RoutesRequests.php(166): Laravel\Lumen\Application->handleFoundRoute(Array)
#15 /var/www/html/vendor/laravel/lumen-framework/src/Concerns/RoutesRequests.php(426): Laravel\Lumen\Application->Laravel\Lumen\Concerns\{closure}(Object(Laravel\Lumen\Http\Request))
#16 /var/www/html/vendor/laravel/lumen-framework/src/Concerns/RoutesRequests.php(172): Laravel\Lumen\Application->sendThroughPipeline(Array, Object(Closure))
#17 /var/www/html/vendor/laravel/lumen-framework/src/Concerns/RoutesRequests.php(109): Laravel\Lumen\Application->dispatch(NULL)
#18 /var/www/html/public/index.php(28): Laravel\Lumen\Application->run()
#19 {main} {"exception":"[object] (ErrorException(code: 0): oci_parse() expects parameter 1 to be resource, null given at /var/www/html/app/Models/BillingModel.php:325)
[stacktrace]
#0 [internal function]: Laravel\\Lumen\\Application->Laravel\\Lumen\\Concerns\\{closure}(2, 'oci_parse() exp...', '/var/www/html/a...', 325, Array)
#1 /var/www/html/app/Models/BillingModel.php(325): oci_parse(NULL, 'begin :db_resul...')
#2 /var/www/html/app/Http/Controllers/BillingController.php(75): App\\Models\\BillingModel->call_billing_procedure(NULL)
#3 [internal function]: App\\Http\\Controllers\\BillingController->billing_procedure()
#4 /var/www/html/vendor/illuminate/container/BoundMethod.php(33): call_user_func_array(Array, Array)
#5 /var/www/html/vendor/illuminate/container/Util.php(37): Illuminate\\Container\\BoundMethod::Illuminate\\Container\\{closure}()
#6 /var/www/html/vendor/illuminate/container/BoundMethod.php(91): Illuminate\\Container\\Util::unwrapIfClosure(Object(Closure))
#7 /var/www/html/vendor/illuminate/container/BoundMethod.php(35): Illuminate\\Container\\BoundMethod::callBoundMethod(Object(Laravel\\Lumen\\Application), Array, Object(Closure))
#8 /var/www/html/vendor/illuminate/container/Container.php(592): Illuminate\\Container\\BoundMethod::call(Object(Laravel\\Lumen\\Application), Array, Array, NULL)
#9 /var/www/html/vendor/laravel/lumen-framework/src/Concerns/RoutesRequests.php(386): Illuminate\\Container\\Container->call(Array, Array)
#10 /var/www/html/vendor/laravel/lumen-framework/src/Concerns/RoutesRequests.php(352): Laravel\\Lumen\\Application->callControllerCallable(Array, Array)
#11 /var/www/html/vendor/laravel/lumen-framework/src/Concerns/RoutesRequests.php(326): Laravel\\Lumen\\Application->callLumenController(Object(App\\Http\\Controllers\\BillingController), 'billing_procedu...', Array)
#12 /var/www/html/vendor/laravel/lumen-framework/src/Concerns/RoutesRequests.php(279): Laravel\\Lumen\\Application->callControllerAction(Array)
#13 /var/www/html/vendor/laravel/lumen-framework/src/Concerns/RoutesRequests.php(264): Laravel\\Lumen\\Application->callActionOnArrayBasedRoute(Array)
#14 /var/www/html/vendor/laravel/lumen-framework/src/Concerns/RoutesRequests.php(166): Laravel\\Lumen\\Application->handleFoundRoute(Array)
#15 /var/www/html/vendor/laravel/lumen-framework/src/Concerns/RoutesRequests.php(426): Laravel\\Lumen\\Application->Laravel\\Lumen\\Concerns\\{closure}(Object(Laravel\\Lumen\\Http\\Request))
#16 /var/www/html/vendor/laravel/lumen-framework/src/Concerns/RoutesRequests.php(172): Laravel\\Lumen\\Application->sendThroughPipeline(Array, Object(Closure))
#17 /var/www/html/vendor/laravel/lumen-framework/src/Concerns/RoutesRequests.php(109): Laravel\\Lumen\\Application->dispatch(NULL)
#18 /var/www/html/public/index.php(28): Laravel\\Lumen\\Application->run()
#19 {main}
"} 
[2020-07-22 06:53:45] local.ERROR: ErrorException: oci_parse() expects parameter 1 to be resource, null given in /var/www/html/app/Models/BillingModel.php:325
Stack trace:
#0 [internal function]: Laravel\Lumen\Application->Laravel\Lumen\Concerns\{closure}(2, 'oci_parse() exp...', '/var/www/html/a...', 325, Array)
#1 /var/www/html/app/Models/BillingModel.php(325): oci_parse(NULL, 'begin :db_resul...')
#2 /var/www/html/app/Http/Controllers/BillingController.php(75): App\Models\BillingModel->call_billing_procedure(Array)
#3 [internal function]: App\Http\Controllers\BillingController->billing_procedure()
#4 /var/www/html/vendor/illuminate/container/BoundMethod.php(33): call_user_func_array(Array, Array)
#5 /var/www/html/vendor/illuminate/container/Util.php(37): Illuminate\Container\BoundMethod::Illuminate\Container\{closure}()
#6 /var/www/html/vendor/illuminate/container/BoundMethod.php(91): Illuminate\Container\Util::unwrapIfClosure(Object(Closure))
#7 /var/www/html/vendor/illuminate/container/BoundMethod.php(35): Illuminate\Container\BoundMethod::callBoundMethod(Object(Laravel\Lumen\Application), Array, Object(Closure))
#8 /var/www/html/vendor/illuminate/container/Container.php(592): Illuminate\Container\BoundMethod::call(Object(Laravel\Lumen\Application), Array, Array, NULL)
#9 /var/www/html/vendor/laravel/lumen-framework/src/Concerns/RoutesRequests.php(386): Illuminate\Container\Container->call(Array, Array)
#10 /var/www/html/vendor/laravel/lumen-framework/src/Concerns/RoutesRequests.php(352): Laravel\Lumen\Application->callControllerCallable(Array, Array)
#11 /var/www/html/vendor/laravel/lumen-framework/src/Concerns/RoutesRequests.php(326): Laravel\Lumen\Application->callLumenController(Object(App\Http\Controllers\BillingController), 'billing_procedu...', Array)
#12 /var/www/html/vendor/laravel/lumen-framework/src/Concerns/RoutesRequests.php(279): Laravel\Lumen\Application->callControllerAction(Array)
#13 /var/www/html/vendor/laravel/lumen-framework/src/Concerns/RoutesRequests.php(264): Laravel\Lumen\Application->callActionOnArrayBasedRoute(Array)
#14 /var/www/html/vendor/laravel/lumen-framework/src/Concerns/RoutesRequests.php(166): Laravel\Lumen\Application->handleFoundRoute(Array)
#15 /var/www/html/vendor/laravel/lumen-framework/src/Concerns/RoutesRequests.php(426): Laravel\Lumen\Application->Laravel\Lumen\Concerns\{closure}(Object(Laravel\Lumen\Http\Request))
#16 /var/www/html/vendor/laravel/lumen-framework/src/Concerns/RoutesRequests.php(172): Laravel\Lumen\Application->sendThroughPipeline(Array, Object(Closure))
#17 /var/www/html/vendor/laravel/lumen-framework/src/Concerns/RoutesRequests.php(109): Laravel\Lumen\Application->dispatch(NULL)
#18 /var/www/html/public/index.php(28): Laravel\Lumen\Application->run()
#19 {main} {"exception":"[object] (ErrorException(code: 0): oci_parse() expects parameter 1 to be resource, null given at /var/www/html/app/Models/BillingModel.php:325)
[stacktrace]
#0 [internal function]: Laravel\\Lumen\\Application->Laravel\\Lumen\\Concerns\\{closure}(2, 'oci_parse() exp...', '/var/www/html/a...', 325, Array)
#1 /var/www/html/app/Models/BillingModel.php(325): oci_parse(NULL, 'begin :db_resul...')
#2 /var/www/html/app/Http/Controllers/BillingController.php(75): App\\Models\\BillingModel->call_billing_procedure(Array)
#3 [internal function]: App\\Http\\Controllers\\BillingController->billing_procedure()
#4 /var/www/html/vendor/illuminate/container/BoundMethod.php(33): call_user_func_array(Array, Array)
#5 /var/www/html/vendor/illuminate/container/Util.php(37): Illuminate\\Container\\BoundMethod::Illuminate\\Container\\{closure}()
#6 /var/www/html/vendor/illuminate/container/BoundMethod.php(91): Illuminate\\Container\\Util::unwrapIfClosure(Object(Closure))
#7 /var/www/html/vendor/illuminate/container/BoundMethod.php(35): Illuminate\\Container\\BoundMethod::callBoundMethod(Object(Laravel\\Lumen\\Application), Array, Object(Closure))
#8 /var/www/html/vendor/illuminate/container/Container.php(592): Illuminate\\Container\\BoundMethod::call(Object(Laravel\\Lumen\\Application), Array, Array, NULL)
#9 /var/www/html/vendor/laravel/lumen-framework/src/Concerns/RoutesRequests.php(386): Illuminate\\Container\\Container->call(Array, Array)
#10 /var/www/html/vendor/laravel/lumen-framework/src/Concerns/RoutesRequests.php(352): Laravel\\Lumen\\Application->callControllerCallable(Array, Array)
#11 /var/www/html/vendor/laravel/lumen-framework/src/Concerns/RoutesRequests.php(326): Laravel\\Lumen\\Application->callLumenController(Object(App\\Http\\Controllers\\BillingController), 'billing_procedu...', Array)
#12 /var/www/html/vendor/laravel/lumen-framework/src/Concerns/RoutesRequests.php(279): Laravel\\Lumen\\Application->callControllerAction(Array)
#13 /var/www/html/vendor/laravel/lumen-framework/src/Concerns/RoutesRequests.php(264): Laravel\\Lumen\\Application->callActionOnArrayBasedRoute(Array)
#14 /var/www/html/vendor/laravel/lumen-framework/src/Concerns/RoutesRequests.php(166): Laravel\\Lumen\\Application->handleFoundRoute(Array)
#15 /var/www/html/vendor/laravel/lumen-framework/src/Concerns/RoutesRequests.php(426): Laravel\\Lumen\\Application->Laravel\\Lumen\\Concerns\\{closure}(Object(Laravel\\Lumen\\Http\\Request))
#16 /var/www/html/vendor/laravel/lumen-framework/src/Concerns/RoutesRequests.php(172): Laravel\\Lumen\\Application->sendThroughPipeline(Array, Object(Closure))
#17 /var/www/html/vendor/laravel/lumen-framework/src/Concerns/RoutesRequests.php(109): Laravel\\Lumen\\Application->dispatch(NULL)
#18 /var/www/html/public/index.php(28): Laravel\\Lumen\\Application->run()
#19 {main}
"} 
[2020-07-22 06:53:59] local.ERROR: ErrorException: Attempt to modify property 'msisdn' of non-object in /var/www/html/app/Models/BillingModel.php:333
Stack trace:
#0 /var/www/html/app/Models/BillingModel.php(333): Laravel\Lumen\Application->Laravel\Lumen\Concerns\{closure}(2, 'Attempt to modi...', '/var/www/html/a...', 333, Array)
#1 /var/www/html/app/Http/Controllers/BillingController.php(75): App\Models\BillingModel->call_billing_procedure(Array)
#2 [internal function]: App\Http\Controllers\BillingController->billing_procedure()
#3 /var/www/html/vendor/illuminate/container/BoundMethod.php(33): call_user_func_array(Array, Array)
#4 /var/www/html/vendor/illuminate/container/Util.php(37): Illuminate\Container\BoundMethod::Illuminate\Container\{closure}()
#5 /var/www/html/vendor/illuminate/container/BoundMethod.php(91): Illuminate\Container\Util::unwrapIfClosure(Object(Closure))
#6 /var/www/html/vendor/illuminate/container/BoundMethod.php(35): Illuminate\Container\BoundMethod::callBoundMethod(Object(Laravel\Lumen\Application), Array, Object(Closure))
#7 /var/www/html/vendor/illuminate/container/Container.php(592): Illuminate\Container\BoundMethod::call(Object(Laravel\Lumen\Application), Array, Array, NULL)
#8 /var/www/html/vendor/laravel/lumen-framework/src/Concerns/RoutesRequests.php(386): Illuminate\Container\Container->call(Array, Array)
#9 /var/www/html/vendor/laravel/lumen-framework/src/Concerns/RoutesRequests.php(352): Laravel\Lumen\Application->callControllerCallable(Array, Array)
#10 /var/www/html/vendor/laravel/lumen-framework/src/Concerns/RoutesRequests.php(326): Laravel\Lumen\Application->callLumenController(Object(App\Http\Controllers\BillingController), 'billing_procedu...', Array)
#11 /var/www/html/vendor/laravel/lumen-framework/src/Concerns/RoutesRequests.php(279): Laravel\Lumen\Application->callControllerAction(Array)
#12 /var/www/html/vendor/laravel/lumen-framework/src/Concerns/RoutesRequests.php(264): Laravel\Lumen\Application->callActionOnArrayBasedRoute(Array)
#13 /var/www/html/vendor/laravel/lumen-framework/src/Concerns/RoutesRequests.php(166): Laravel\Lumen\Application->handleFoundRoute(Array)
#14 /var/www/html/vendor/laravel/lumen-framework/src/Concerns/RoutesRequests.php(426): Laravel\Lumen\Application->Laravel\Lumen\Concerns\{closure}(Object(Laravel\Lumen\Http\Request))
#15 /var/www/html/vendor/laravel/lumen-framework/src/Concerns/RoutesRequests.php(172): Laravel\Lumen\Application->sendThroughPipeline(Array, Object(Closure))
#16 /var/www/html/vendor/laravel/lumen-framework/src/Concerns/RoutesRequests.php(109): Laravel\Lumen\Application->dispatch(NULL)
#17 /var/www/html/public/index.php(28): Laravel\Lumen\Application->run()
#18 {main} {"exception":"[object] (ErrorException(code: 0): Attempt to modify property 'msisdn' of non-object at /var/www/html/app/Models/BillingModel.php:333)
[stacktrace]
#0 /var/www/html/app/Models/BillingModel.php(333): Laravel\\Lumen\\Application->Laravel\\Lumen\\Concerns\\{closure}(2, 'Attempt to modi...', '/var/www/html/a...', 333, Array)
#1 /var/www/html/app/Http/Controllers/BillingController.php(75): App\\Models\\BillingModel->call_billing_procedure(Array)
#2 [internal function]: App\\Http\\Controllers\\BillingController->billing_procedure()
#3 /var/www/html/vendor/illuminate/container/BoundMethod.php(33): call_user_func_array(Array, Array)
#4 /var/www/html/vendor/illuminate/container/Util.php(37): Illuminate\\Container\\BoundMethod::Illuminate\\Container\\{closure}()
#5 /var/www/html/vendor/illuminate/container/BoundMethod.php(91): Illuminate\\Container\\Util::unwrapIfClosure(Object(Closure))
#6 /var/www/html/vendor/illuminate/container/BoundMethod.php(35): Illuminate\\Container\\BoundMethod::callBoundMethod(Object(Laravel\\Lumen\\Application), Array, Object(Closure))
#7 /var/www/html/vendor/illuminate/container/Container.php(592): Illuminate\\Container\\BoundMethod::call(Object(Laravel\\Lumen\\Application), Array, Array, NULL)
#8 /var/www/html/vendor/laravel/lumen-framework/src/Concerns/RoutesRequests.php(386): Illuminate\\Container\\Container->call(Array, Array)
#9 /var/www/html/vendor/laravel/lumen-framework/src/Concerns/RoutesRequests.php(352): Laravel\\Lumen\\Application->callControllerCallable(Array, Array)
#10 /var/www/html/vendor/laravel/lumen-framework/src/Concerns/RoutesRequests.php(326): Laravel\\Lumen\\Application->callLumenController(Object(App\\Http\\Controllers\\BillingController), 'billing_procedu...', Array)
#11 /var/www/html/vendor/laravel/lumen-framework/src/Concerns/RoutesRequests.php(279): Laravel\\Lumen\\Application->callControllerAction(Array)
#12 /var/www/html/vendor/laravel/lumen-framework/src/Concerns/RoutesRequests.php(264): Laravel\\Lumen\\Application->callActionOnArrayBasedRoute(Array)
#13 /var/www/html/vendor/laravel/lumen-framework/src/Concerns/RoutesRequests.php(166): Laravel\\Lumen\\Application->handleFoundRoute(Array)
#14 /var/www/html/vendor/laravel/lumen-framework/src/Concerns/RoutesRequests.php(426): Laravel\\Lumen\\Application->Laravel\\Lumen\\Concerns\\{closure}(Object(Laravel\\Lumen\\Http\\Request))
#15 /var/www/html/vendor/laravel/lumen-framework/src/Concerns/RoutesRequests.php(172): Laravel\\Lumen\\Application->sendThroughPipeline(Array, Object(Closure))
#16 /var/www/html/vendor/laravel/lumen-framework/src/Concerns/RoutesRequests.php(109): Laravel\\Lumen\\Application->dispatch(NULL)
#17 /var/www/html/public/index.php(28): Laravel\\Lumen\\Application->run()
#18 {main}
"} 
[2020-07-22 06:54:25] local.ERROR: ErrorException: Attempt to modify property 'msisdn' of non-object in /var/www/html/app/Models/BillingModel.php:335
Stack trace:
#0 /var/www/html/app/Models/BillingModel.php(335): Laravel\Lumen\Application->Laravel\Lumen\Concerns\{closure}(2, 'Attempt to modi...', '/var/www/html/a...', 335, Array)
#1 /var/www/html/app/Http/Controllers/BillingController.php(75): App\Models\BillingModel->call_billing_procedure(Array)
#2 [internal function]: App\Http\Controllers\BillingController->billing_procedure()
#3 /var/www/html/vendor/illuminate/container/BoundMethod.php(33): call_user_func_array(Array, Array)
#4 /var/www/html/vendor/illuminate/container/Util.php(37): Illuminate\Container\BoundMethod::Illuminate\Container\{closure}()
#5 /var/www/html/vendor/illuminate/container/BoundMethod.php(91): Illuminate\Container\Util::unwrapIfClosure(Object(Closure))
#6 /var/www/html/vendor/illuminate/container/BoundMethod.php(35): Illuminate\Container\BoundMethod::callBoundMethod(Object(Laravel\Lumen\Application), Array, Object(Closure))
#7 /var/www/html/vendor/illuminate/container/Container.php(592): Illuminate\Container\BoundMethod::call(Object(Laravel\Lumen\Application), Array, Array, NULL)
#8 /var/www/html/vendor/laravel/lumen-framework/src/Concerns/RoutesRequests.php(386): Illuminate\Container\Container->call(Array, Array)
#9 /var/www/html/vendor/laravel/lumen-framework/src/Concerns/RoutesRequests.php(352): Laravel\Lumen\Application->callControllerCallable(Array, Array)
#10 /var/www/html/vendor/laravel/lumen-framework/src/Concerns/RoutesRequests.php(326): Laravel\Lumen\Application->callLumenController(Object(App\Http\Controllers\BillingController), 'billing_procedu...', Array)
#11 /var/www/html/vendor/laravel/lumen-framework/src/Concerns/RoutesRequests.php(279): Laravel\Lumen\Application->callControllerAction(Array)
#12 /var/www/html/vendor/laravel/lumen-framework/src/Concerns/RoutesRequests.php(264): Laravel\Lumen\Application->callActionOnArrayBasedRoute(Array)
#13 /var/www/html/vendor/laravel/lumen-framework/src/Concerns/RoutesRequests.php(166): Laravel\Lumen\Application->handleFoundRoute(Array)
#14 /var/www/html/vendor/laravel/lumen-framework/src/Concerns/RoutesRequests.php(426): Laravel\Lumen\Application->Laravel\Lumen\Concerns\{closure}(Object(Laravel\Lumen\Http\Request))
#15 /var/www/html/vendor/laravel/lumen-framework/src/Concerns/RoutesRequests.php(172): Laravel\Lumen\Application->sendThroughPipeline(Array, Object(Closure))
#16 /var/www/html/vendor/laravel/lumen-framework/src/Concerns/RoutesRequests.php(109): Laravel\Lumen\Application->dispatch(NULL)
#17 /var/www/html/public/index.php(28): Laravel\Lumen\Application->run()
#18 {main} {"exception":"[object] (ErrorException(code: 0): Attempt to modify property 'msisdn' of non-object at /var/www/html/app/Models/BillingModel.php:335)
[stacktrace]
#0 /var/www/html/app/Models/BillingModel.php(335): Laravel\\Lumen\\Application->Laravel\\Lumen\\Concerns\\{closure}(2, 'Attempt to modi...', '/var/www/html/a...', 335, Array)
#1 /var/www/html/app/Http/Controllers/BillingController.php(75): App\\Models\\BillingModel->call_billing_procedure(Array)
#2 [internal function]: App\\Http\\Controllers\\BillingController->billing_procedure()
#3 /var/www/html/vendor/illuminate/container/BoundMethod.php(33): call_user_func_array(Array, Array)
#4 /var/www/html/vendor/illuminate/container/Util.php(37): Illuminate\\Container\\BoundMethod::Illuminate\\Container\\{closure}()
#5 /var/www/html/vendor/illuminate/container/BoundMethod.php(91): Illuminate\\Container\\Util::unwrapIfClosure(Object(Closure))
#6 /var/www/html/vendor/illuminate/container/BoundMethod.php(35): Illuminate\\Container\\BoundMethod::callBoundMethod(Object(Laravel\\Lumen\\Application), Array, Object(Closure))
#7 /var/www/html/vendor/illuminate/container/Container.php(592): Illuminate\\Container\\BoundMethod::call(Object(Laravel\\Lumen\\Application), Array, Array, NULL)
#8 /var/www/html/vendor/laravel/lumen-framework/src/Concerns/RoutesRequests.php(386): Illuminate\\Container\\Container->call(Array, Array)
#9 /var/www/html/vendor/laravel/lumen-framework/src/Concerns/RoutesRequests.php(352): Laravel\\Lumen\\Application->callControllerCallable(Array, Array)
#10 /var/www/html/vendor/laravel/lumen-framework/src/Concerns/RoutesRequests.php(326): Laravel\\Lumen\\Application->callLumenController(Object(App\\Http\\Controllers\\BillingController), 'billing_procedu...', Array)
#11 /var/www/html/vendor/laravel/lumen-framework/src/Concerns/RoutesRequests.php(279): Laravel\\Lumen\\Application->callControllerAction(Array)
#12 /var/www/html/vendor/laravel/lumen-framework/src/Concerns/RoutesRequests.php(264): Laravel\\Lumen\\Application->callActionOnArrayBasedRoute(Array)
#13 /var/www/html/vendor/laravel/lumen-framework/src/Concerns/RoutesRequests.php(166): Laravel\\Lumen\\Application->handleFoundRoute(Array)
#14 /var/www/html/vendor/laravel/lumen-framework/src/Concerns/RoutesRequests.php(426): Laravel\\Lumen\\Application->Laravel\\Lumen\\Concerns\\{closure}(Object(Laravel\\Lumen\\Http\\Request))
#15 /var/www/html/vendor/laravel/lumen-framework/src/Concerns/RoutesRequests.php(172): Laravel\\Lumen\\Application->sendThroughPipeline(Array, Object(Closure))
#16 /var/www/html/vendor/laravel/lumen-framework/src/Concerns/RoutesRequests.php(109): Laravel\\Lumen\\Application->dispatch(NULL)
#17 /var/www/html/public/index.php(28): Laravel\\Lumen\\Application->run()
#18 {main}
"} 
[2020-07-22 06:54:47] local.ERROR: ErrorException: Attempt to modify property 'msisdn' of non-object in /var/www/html/app/Models/BillingModel.php:335
Stack trace:
#0 /var/www/html/app/Models/BillingModel.php(335): Laravel\Lumen\Application->Laravel\Lumen\Concerns\{closure}(2, 'Attempt to modi...', '/var/www/html/a...', 335, Array)
#1 /var/www/html/app/Http/Controllers/BillingController.php(75): App\Models\BillingModel->call_billing_procedure(Array)
#2 [internal function]: App\Http\Controllers\BillingController->billing_procedure()
#3 /var/www/html/vendor/illuminate/container/BoundMethod.php(33): call_user_func_array(Array, Array)
#4 /var/www/html/vendor/illuminate/container/Util.php(37): Illuminate\Container\BoundMethod::Illuminate\Container\{closure}()
#5 /var/www/html/vendor/illuminate/container/BoundMethod.php(91): Illuminate\Container\Util::unwrapIfClosure(Object(Closure))
#6 /var/www/html/vendor/illuminate/container/BoundMethod.php(35): Illuminate\Container\BoundMethod::callBoundMethod(Object(Laravel\Lumen\Application), Array, Object(Closure))
#7 /var/www/html/vendor/illuminate/container/Container.php(592): Illuminate\Container\BoundMethod::call(Object(Laravel\Lumen\Application), Array, Array, NULL)
#8 /var/www/html/vendor/laravel/lumen-framework/src/Concerns/RoutesRequests.php(386): Illuminate\Container\Container->call(Array, Array)
#9 /var/www/html/vendor/laravel/lumen-framework/src/Concerns/RoutesRequests.php(352): Laravel\Lumen\Application->callControllerCallable(Array, Array)
#10 /var/www/html/vendor/laravel/lumen-framework/src/Concerns/RoutesRequests.php(326): Laravel\Lumen\Application->callLumenController(Object(App\Http\Controllers\BillingController), 'billing_procedu...', Array)
#11 /var/www/html/vendor/laravel/lumen-framework/src/Concerns/RoutesRequests.php(279): Laravel\Lumen\Application->callControllerAction(Array)
#12 /var/www/html/vendor/laravel/lumen-framework/src/Concerns/RoutesRequests.php(264): Laravel\Lumen\Application->callActionOnArrayBasedRoute(Array)
#13 /var/www/html/vendor/laravel/lumen-framework/src/Concerns/RoutesRequests.php(166): Laravel\Lumen\Application->handleFoundRoute(Array)
#14 /var/www/html/vendor/laravel/lumen-framework/src/Concerns/RoutesRequests.php(426): Laravel\Lumen\Application->Laravel\Lumen\Concerns\{closure}(Object(Laravel\Lumen\Http\Request))
#15 /var/www/html/vendor/laravel/lumen-framework/src/Concerns/RoutesRequests.php(172): Laravel\Lumen\Application->sendThroughPipeline(Array, Object(Closure))
#16 /var/www/html/vendor/laravel/lumen-framework/src/Concerns/RoutesRequests.php(109): Laravel\Lumen\Application->dispatch(NULL)
#17 /var/www/html/public/index.php(28): Laravel\Lumen\Application->run()
#18 {main} {"exception":"[object] (ErrorException(code: 0): Attempt to modify property 'msisdn' of non-object at /var/www/html/app/Models/BillingModel.php:335)
[stacktrace]
#0 /var/www/html/app/Models/BillingModel.php(335): Laravel\\Lumen\\Application->Laravel\\Lumen\\Concerns\\{closure}(2, 'Attempt to modi...', '/var/www/html/a...', 335, Array)
#1 /var/www/html/app/Http/Controllers/BillingController.php(75): App\\Models\\BillingModel->call_billing_procedure(Array)
#2 [internal function]: App\\Http\\Controllers\\BillingController->billing_procedure()
#3 /var/www/html/vendor/illuminate/container/BoundMethod.php(33): call_user_func_array(Array, Array)
#4 /var/www/html/vendor/illuminate/container/Util.php(37): Illuminate\\Container\\BoundMethod::Illuminate\\Container\\{closure}()
#5 /var/www/html/vendor/illuminate/container/BoundMethod.php(91): Illuminate\\Container\\Util::unwrapIfClosure(Object(Closure))
#6 /var/www/html/vendor/illuminate/container/BoundMethod.php(35): Illuminate\\Container\\BoundMethod::callBoundMethod(Object(Laravel\\Lumen\\Application), Array, Object(Closure))
#7 /var/www/html/vendor/illuminate/container/Container.php(592): Illuminate\\Container\\BoundMethod::call(Object(Laravel\\Lumen\\Application), Array, Array, NULL)
#8 /var/www/html/vendor/laravel/lumen-framework/src/Concerns/RoutesRequests.php(386): Illuminate\\Container\\Container->call(Array, Array)
#9 /var/www/html/vendor/laravel/lumen-framework/src/Concerns/RoutesRequests.php(352): Laravel\\Lumen\\Application->callControllerCallable(Array, Array)
#10 /var/www/html/vendor/laravel/lumen-framework/src/Concerns/RoutesRequests.php(326): Laravel\\Lumen\\Application->callLumenController(Object(App\\Http\\Controllers\\BillingController), 'billing_procedu...', Array)
#11 /var/www/html/vendor/laravel/lumen-framework/src/Concerns/RoutesRequests.php(279): Laravel\\Lumen\\Application->callControllerAction(Array)
#12 /var/www/html/vendor/laravel/lumen-framework/src/Concerns/RoutesRequests.php(264): Laravel\\Lumen\\Application->callActionOnArrayBasedRoute(Array)
#13 /var/www/html/vendor/laravel/lumen-framework/src/Concerns/RoutesRequests.php(166): Laravel\\Lumen\\Application->handleFoundRoute(Array)
#14 /var/www/html/vendor/laravel/lumen-framework/src/Concerns/RoutesRequests.php(426): Laravel\\Lumen\\Application->Laravel\\Lumen\\Concerns\\{closure}(Object(Laravel\\Lumen\\Http\\Request))
#15 /var/www/html/vendor/laravel/lumen-framework/src/Concerns/RoutesRequests.php(172): Laravel\\Lumen\\Application->sendThroughPipeline(Array, Object(Closure))
#16 /var/www/html/vendor/laravel/lumen-framework/src/Concerns/RoutesRequests.php(109): Laravel\\Lumen\\Application->dispatch(NULL)
#17 /var/www/html/public/index.php(28): Laravel\\Lumen\\Application->run()
#18 {main}
"} 
[2020-07-22 06:56:36] local.ERROR: ErrorException: Attempt to modify property 'serviceNumber' of non-object in /var/www/html/app/Models/BillingModel.php:337
Stack trace:
#0 /var/www/html/app/Models/BillingModel.php(337): Laravel\Lumen\Application->Laravel\Lumen\Concerns\{closure}(2, 'Attempt to modi...', '/var/www/html/a...', 337, Array)
#1 /var/www/html/app/Http/Controllers/BillingController.php(75): App\Models\BillingModel->call_billing_procedure(Array)
#2 [internal function]: App\Http\Controllers\BillingController->billing_procedure()
#3 /var/www/html/vendor/illuminate/container/BoundMethod.php(33): call_user_func_array(Array, Array)
#4 /var/www/html/vendor/illuminate/container/Util.php(37): Illuminate\Container\BoundMethod::Illuminate\Container\{closure}()
#5 /var/www/html/vendor/illuminate/container/BoundMethod.php(91): Illuminate\Container\Util::unwrapIfClosure(Object(Closure))
#6 /var/www/html/vendor/illuminate/container/BoundMethod.php(35): Illuminate\Container\BoundMethod::callBoundMethod(Object(Laravel\Lumen\Application), Array, Object(Closure))
#7 /var/www/html/vendor/illuminate/container/Container.php(592): Illuminate\Container\BoundMethod::call(Object(Laravel\Lumen\Application), Array, Array, NULL)
#8 /var/www/html/vendor/laravel/lumen-framework/src/Concerns/RoutesRequests.php(386): Illuminate\Container\Container->call(Array, Array)
#9 /var/www/html/vendor/laravel/lumen-framework/src/Concerns/RoutesRequests.php(352): Laravel\Lumen\Application->callControllerCallable(Array, Array)
#10 /var/www/html/vendor/laravel/lumen-framework/src/Concerns/RoutesRequests.php(326): Laravel\Lumen\Application->callLumenController(Object(App\Http\Controllers\BillingController), 'billing_procedu...', Array)
#11 /var/www/html/vendor/laravel/lumen-framework/src/Concerns/RoutesRequests.php(279): Laravel\Lumen\Application->callControllerAction(Array)
#12 /var/www/html/vendor/laravel/lumen-framework/src/Concerns/RoutesRequests.php(264): Laravel\Lumen\Application->callActionOnArrayBasedRoute(Array)
#13 /var/www/html/vendor/laravel/lumen-framework/src/Concerns/RoutesRequests.php(166): Laravel\Lumen\Application->handleFoundRoute(Array)
#14 /var/www/html/vendor/laravel/lumen-framework/src/Concerns/RoutesRequests.php(426): Laravel\Lumen\Application->Laravel\Lumen\Concerns\{closure}(Object(Laravel\Lumen\Http\Request))
#15 /var/www/html/vendor/laravel/lumen-framework/src/Concerns/RoutesRequests.php(172): Laravel\Lumen\Application->sendThroughPipeline(Array, Object(Closure))
#16 /var/www/html/vendor/laravel/lumen-framework/src/Concerns/RoutesRequests.php(109): Laravel\Lumen\Application->dispatch(NULL)
#17 /var/www/html/public/index.php(28): Laravel\Lumen\Application->run()
#18 {main} {"exception":"[object] (ErrorException(code: 0): Attempt to modify property 'serviceNumber' of non-object at /var/www/html/app/Models/BillingModel.php:337)
[stacktrace]
#0 /var/www/html/app/Models/BillingModel.php(337): Laravel\\Lumen\\Application->Laravel\\Lumen\\Concerns\\{closure}(2, 'Attempt to modi...', '/var/www/html/a...', 337, Array)
#1 /var/www/html/app/Http/Controllers/BillingController.php(75): App\\Models\\BillingModel->call_billing_procedure(Array)
#2 [internal function]: App\\Http\\Controllers\\BillingController->billing_procedure()
#3 /var/www/html/vendor/illuminate/container/BoundMethod.php(33): call_user_func_array(Array, Array)
#4 /var/www/html/vendor/illuminate/container/Util.php(37): Illuminate\\Container\\BoundMethod::Illuminate\\Container\\{closure}()
#5 /var/www/html/vendor/illuminate/container/BoundMethod.php(91): Illuminate\\Container\\Util::unwrapIfClosure(Object(Closure))
#6 /var/www/html/vendor/illuminate/container/BoundMethod.php(35): Illuminate\\Container\\BoundMethod::callBoundMethod(Object(Laravel\\Lumen\\Application), Array, Object(Closure))
#7 /var/www/html/vendor/illuminate/container/Container.php(592): Illuminate\\Container\\BoundMethod::call(Object(Laravel\\Lumen\\Application), Array, Array, NULL)
#8 /var/www/html/vendor/laravel/lumen-framework/src/Concerns/RoutesRequests.php(386): Illuminate\\Container\\Container->call(Array, Array)
#9 /var/www/html/vendor/laravel/lumen-framework/src/Concerns/RoutesRequests.php(352): Laravel\\Lumen\\Application->callControllerCallable(Array, Array)
#10 /var/www/html/vendor/laravel/lumen-framework/src/Concerns/RoutesRequests.php(326): Laravel\\Lumen\\Application->callLumenController(Object(App\\Http\\Controllers\\BillingController), 'billing_procedu...', Array)
#11 /var/www/html/vendor/laravel/lumen-framework/src/Concerns/RoutesRequests.php(279): Laravel\\Lumen\\Application->callControllerAction(Array)
#12 /var/www/html/vendor/laravel/lumen-framework/src/Concerns/RoutesRequests.php(264): Laravel\\Lumen\\Application->callActionOnArrayBasedRoute(Array)
#13 /var/www/html/vendor/laravel/lumen-framework/src/Concerns/RoutesRequests.php(166): Laravel\\Lumen\\Application->handleFoundRoute(Array)
#14 /var/www/html/vendor/laravel/lumen-framework/src/Concerns/RoutesRequests.php(426): Laravel\\Lumen\\Application->Laravel\\Lumen\\Concerns\\{closure}(Object(Laravel\\Lumen\\Http\\Request))
#15 /var/www/html/vendor/laravel/lumen-framework/src/Concerns/RoutesRequests.php(172): Laravel\\Lumen\\Application->sendThroughPipeline(Array, Object(Closure))
#16 /var/www/html/vendor/laravel/lumen-framework/src/Concerns/RoutesRequests.php(109): Laravel\\Lumen\\Application->dispatch(NULL)
#17 /var/www/html/public/index.php(28): Laravel\\Lumen\\Application->run()
#18 {main}
"} 
[2020-07-22 06:56:52] local.ERROR: ErrorException: oci_execute(): ORA-06502: PL/SQL: numeric or value error: character to number conversion error
ORA-06512: at line 1 in /var/www/html/app/Models/BillingModel.php:344
Stack trace:
#0 [internal function]: Laravel\Lumen\Application->Laravel\Lumen\Concerns\{closure}(2, 'oci_execute(): ...', '/var/www/html/a...', 344, Array)
#1 /var/www/html/app/Models/BillingModel.php(344): oci_execute(Resource id #107)
#2 /var/www/html/app/Http/Controllers/BillingController.php(75): App\Models\BillingModel->call_billing_procedure(Array)
#3 [internal function]: App\Http\Controllers\BillingController->billing_procedure()
#4 /var/www/html/vendor/illuminate/container/BoundMethod.php(33): call_user_func_array(Array, Array)
#5 /var/www/html/vendor/illuminate/container/Util.php(37): Illuminate\Container\BoundMethod::Illuminate\Container\{closure}()
#6 /var/www/html/vendor/illuminate/container/BoundMethod.php(91): Illuminate\Container\Util::unwrapIfClosure(Object(Closure))
#7 /var/www/html/vendor/illuminate/container/BoundMethod.php(35): Illuminate\Container\BoundMethod::callBoundMethod(Object(Laravel\Lumen\Application), Array, Object(Closure))
#8 /var/www/html/vendor/illuminate/container/Container.php(592): Illuminate\Container\BoundMethod::call(Object(Laravel\Lumen\Application), Array, Array, NULL)
#9 /var/www/html/vendor/laravel/lumen-framework/src/Concerns/RoutesRequests.php(386): Illuminate\Container\Container->call(Array, Array)
#10 /var/www/html/vendor/laravel/lumen-framework/src/Concerns/RoutesRequests.php(352): Laravel\Lumen\Application->callControllerCallable(Array, Array)
#11 /var/www/html/vendor/laravel/lumen-framework/src/Concerns/RoutesRequests.php(326): Laravel\Lumen\Application->callLumenController(Object(App\Http\Controllers\BillingController), 'billing_procedu...', Array)
#12 /var/www/html/vendor/laravel/lumen-framework/src/Concerns/RoutesRequests.php(279): Laravel\Lumen\Application->callControllerAction(Array)
#13 /var/www/html/vendor/laravel/lumen-framework/src/Concerns/RoutesRequests.php(264): Laravel\Lumen\Application->callActionOnArrayBasedRoute(Array)
#14 /var/www/html/vendor/laravel/lumen-framework/src/Concerns/RoutesRequests.php(166): Laravel\Lumen\Application->handleFoundRoute(Array)
#15 /var/www/html/vendor/laravel/lumen-framework/src/Concerns/RoutesRequests.php(426): Laravel\Lumen\Application->Laravel\Lumen\Concerns\{closure}(Object(Laravel\Lumen\Http\Request))
#16 /var/www/html/vendor/laravel/lumen-framework/src/Concerns/RoutesRequests.php(172): Laravel\Lumen\Application->sendThroughPipeline(Array, Object(Closure))
#17 /var/www/html/vendor/laravel/lumen-framework/src/Concerns/RoutesRequests.php(109): Laravel\Lumen\Application->dispatch(NULL)
#18 /var/www/html/public/index.php(28): Laravel\Lumen\Application->run()
#19 {main} {"exception":"[object] (ErrorException(code: 0): oci_execute(): ORA-06502: PL/SQL: numeric or value error: character to number conversion error
ORA-06512: at line 1 at /var/www/html/app/Models/BillingModel.php:344)
[stacktrace]
#0 [internal function]: Laravel\\Lumen\\Application->Laravel\\Lumen\\Concerns\\{closure}(2, 'oci_execute(): ...', '/var/www/html/a...', 344, Array)
#1 /var/www/html/app/Models/BillingModel.php(344): oci_execute(Resource id #107)
#2 /var/www/html/app/Http/Controllers/BillingController.php(75): App\\Models\\BillingModel->call_billing_procedure(Array)
#3 [internal function]: App\\Http\\Controllers\\BillingController->billing_procedure()
#4 /var/www/html/vendor/illuminate/container/BoundMethod.php(33): call_user_func_array(Array, Array)
#5 /var/www/html/vendor/illuminate/container/Util.php(37): Illuminate\\Container\\BoundMethod::Illuminate\\Container\\{closure}()
#6 /var/www/html/vendor/illuminate/container/BoundMethod.php(91): Illuminate\\Container\\Util::unwrapIfClosure(Object(Closure))
#7 /var/www/html/vendor/illuminate/container/BoundMethod.php(35): Illuminate\\Container\\BoundMethod::callBoundMethod(Object(Laravel\\Lumen\\Application), Array, Object(Closure))
#8 /var/www/html/vendor/illuminate/container/Container.php(592): Illuminate\\Container\\BoundMethod::call(Object(Laravel\\Lumen\\Application), Array, Array, NULL)
#9 /var/www/html/vendor/laravel/lumen-framework/src/Concerns/RoutesRequests.php(386): Illuminate\\Container\\Container->call(Array, Array)
#10 /var/www/html/vendor/laravel/lumen-framework/src/Concerns/RoutesRequests.php(352): Laravel\\Lumen\\Application->callControllerCallable(Array, Array)
#11 /var/www/html/vendor/laravel/lumen-framework/src/Concerns/RoutesRequests.php(326): Laravel\\Lumen\\Application->callLumenController(Object(App\\Http\\Controllers\\BillingController), 'billing_procedu...', Array)
#12 /var/www/html/vendor/laravel/lumen-framework/src/Concerns/RoutesRequests.php(279): Laravel\\Lumen\\Application->callControllerAction(Array)
#13 /var/www/html/vendor/laravel/lumen-framework/src/Concerns/RoutesRequests.php(264): Laravel\\Lumen\\Application->callActionOnArrayBasedRoute(Array)
#14 /var/www/html/vendor/laravel/lumen-framework/src/Concerns/RoutesRequests.php(166): Laravel\\Lumen\\Application->handleFoundRoute(Array)
#15 /var/www/html/vendor/laravel/lumen-framework/src/Concerns/RoutesRequests.php(426): Laravel\\Lumen\\Application->Laravel\\Lumen\\Concerns\\{closure}(Object(Laravel\\Lumen\\Http\\Request))
#16 /var/www/html/vendor/laravel/lumen-framework/src/Concerns/RoutesRequests.php(172): Laravel\\Lumen\\Application->sendThroughPipeline(Array, Object(Closure))
#17 /var/www/html/vendor/laravel/lumen-framework/src/Concerns/RoutesRequests.php(109): Laravel\\Lumen\\Application->dispatch(NULL)
#18 /var/www/html/public/index.php(28): Laravel\\Lumen\\Application->run()
#19 {main}
"} 
[2020-07-22 06:59:37] local.ERROR: ErrorException: Undefined index: faza in /var/www/html/app/Models/BillingModel.php:320
Stack trace:
#0 /var/www/html/app/Models/BillingModel.php(320): Laravel\Lumen\Application->Laravel\Lumen\Concerns\{closure}(8, 'Undefined index...', '/var/www/html/a...', 320, Array)
#1 /var/www/html/app/Http/Controllers/BillingController.php(75): App\Models\BillingModel->call_billing_procedure(Array)
#2 [internal function]: App\Http\Controllers\BillingController->billing_procedure()
#3 /var/www/html/vendor/illuminate/container/BoundMethod.php(33): call_user_func_array(Array, Array)
#4 /var/www/html/vendor/illuminate/container/Util.php(37): Illuminate\Container\BoundMethod::Illuminate\Container\{closure}()
#5 /var/www/html/vendor/illuminate/container/BoundMethod.php(91): Illuminate\Container\Util::unwrapIfClosure(Object(Closure))
#6 /var/www/html/vendor/illuminate/container/BoundMethod.php(35): Illuminate\Container\BoundMethod::callBoundMethod(Object(Laravel\Lumen\Application), Array, Object(Closure))
#7 /var/www/html/vendor/illuminate/container/Container.php(592): Illuminate\Container\BoundMethod::call(Object(Laravel\Lumen\Application), Array, Array, NULL)
#8 /var/www/html/vendor/laravel/lumen-framework/src/Concerns/RoutesRequests.php(386): Illuminate\Container\Container->call(Array, Array)
#9 /var/www/html/vendor/laravel/lumen-framework/src/Concerns/RoutesRequests.php(352): Laravel\Lumen\Application->callControllerCallable(Array, Array)
#10 /var/www/html/vendor/laravel/lumen-framework/src/Concerns/RoutesRequests.php(326): Laravel\Lumen\Application->callLumenController(Object(App\Http\Controllers\BillingController), 'billing_procedu...', Array)
#11 /var/www/html/vendor/laravel/lumen-framework/src/Concerns/RoutesRequests.php(279): Laravel\Lumen\Application->callControllerAction(Array)
#12 /var/www/html/vendor/laravel/lumen-framework/src/Concerns/RoutesRequests.php(264): Laravel\Lumen\Application->callActionOnArrayBasedRoute(Array)
#13 /var/www/html/vendor/laravel/lumen-framework/src/Concerns/RoutesRequests.php(166): Laravel\Lumen\Application->handleFoundRoute(Array)
#14 /var/www/html/vendor/laravel/lumen-framework/src/Concerns/RoutesRequests.php(426): Laravel\Lumen\Application->Laravel\Lumen\Concerns\{closure}(Object(Laravel\Lumen\Http\Request))
#15 /var/www/html/vendor/laravel/lumen-framework/src/Concerns/RoutesRequests.php(172): Laravel\Lumen\Application->sendThroughPipeline(Array, Object(Closure))
#16 /var/www/html/vendor/laravel/lumen-framework/src/Concerns/RoutesRequests.php(109): Laravel\Lumen\Application->dispatch(NULL)
#17 /var/www/html/public/index.php(28): Laravel\Lumen\Application->run()
#18 {main} {"exception":"[object] (ErrorException(code: 0): Undefined index: faza at /var/www/html/app/Models/BillingModel.php:320)
[stacktrace]
#0 /var/www/html/app/Models/BillingModel.php(320): Laravel\\Lumen\\Application->Laravel\\Lumen\\Concerns\\{closure}(8, 'Undefined index...', '/var/www/html/a...', 320, Array)
#1 /var/www/html/app/Http/Controllers/BillingController.php(75): App\\Models\\BillingModel->call_billing_procedure(Array)
#2 [internal function]: App\\Http\\Controllers\\BillingController->billing_procedure()
#3 /var/www/html/vendor/illuminate/container/BoundMethod.php(33): call_user_func_array(Array, Array)
#4 /var/www/html/vendor/illuminate/container/Util.php(37): Illuminate\\Container\\BoundMethod::Illuminate\\Container\\{closure}()
#5 /var/www/html/vendor/illuminate/container/BoundMethod.php(91): Illuminate\\Container\\Util::unwrapIfClosure(Object(Closure))
#6 /var/www/html/vendor/illuminate/container/BoundMethod.php(35): Illuminate\\Container\\BoundMethod::callBoundMethod(Object(Laravel\\Lumen\\Application), Array, Object(Closure))
#7 /var/www/html/vendor/illuminate/container/Container.php(592): Illuminate\\Container\\BoundMethod::call(Object(Laravel\\Lumen\\Application), Array, Array, NULL)
#8 /var/www/html/vendor/laravel/lumen-framework/src/Concerns/RoutesRequests.php(386): Illuminate\\Container\\Container->call(Array, Array)
#9 /var/www/html/vendor/laravel/lumen-framework/src/Concerns/RoutesRequests.php(352): Laravel\\Lumen\\Application->callControllerCallable(Array, Array)
#10 /var/www/html/vendor/laravel/lumen-framework/src/Concerns/RoutesRequests.php(326): Laravel\\Lumen\\Application->callLumenController(Object(App\\Http\\Controllers\\BillingController), 'billing_procedu...', Array)
#11 /var/www/html/vendor/laravel/lumen-framework/src/Concerns/RoutesRequests.php(279): Laravel\\Lumen\\Application->callControllerAction(Array)
#12 /var/www/html/vendor/laravel/lumen-framework/src/Concerns/RoutesRequests.php(264): Laravel\\Lumen\\Application->callActionOnArrayBasedRoute(Array)
#13 /var/www/html/vendor/laravel/lumen-framework/src/Concerns/RoutesRequests.php(166): Laravel\\Lumen\\Application->handleFoundRoute(Array)
#14 /var/www/html/vendor/laravel/lumen-framework/src/Concerns/RoutesRequests.php(426): Laravel\\Lumen\\Application->Laravel\\Lumen\\Concerns\\{closure}(Object(Laravel\\Lumen\\Http\\Request))
#15 /var/www/html/vendor/laravel/lumen-framework/src/Concerns/RoutesRequests.php(172): Laravel\\Lumen\\Application->sendThroughPipeline(Array, Object(Closure))
#16 /var/www/html/vendor/laravel/lumen-framework/src/Concerns/RoutesRequests.php(109): Laravel\\Lumen\\Application->dispatch(NULL)
#17 /var/www/html/public/index.php(28): Laravel\\Lumen\\Application->run()
#18 {main}
"} 
