[2020-07-21 05:32:45] local.ERROR: ErrorException: oci_bind_by_name(): ORA-01036: illegal variable name/number in /var/www/html/app/Models/BillingModel.php:200
Stack trace:
#0 [internal function]: Laravel\Lumen\Application->Laravel\Lumen\Concerns\{closure}(2, 'oci_bind_by_nam...', '/var/www/html/a...', 200, Array)
#1 /var/www/html/app/Models/BillingModel.php(200): oci_bind_by_name(Resource id #108, ':SU_M', NULL, 15)
#2 /var/www/html/app/Http/Controllers/BillingController.php(97): App\Models\BillingModel->user_home_cashback('9047134655')
#3 [internal function]: App\Http\Controllers\BillingController->home_cashback()
#4 /var/www/html/vendor/illuminate/container/BoundMethod.php(33): call_user_func_array(Array, Array)
#5 /var/www/html/vendor/illuminate/container/Util.php(37): Illuminate\Container\BoundMethod::Illuminate\Container\{closure}()
#6 /var/www/html/vendor/illuminate/container/BoundMethod.php(91): Illuminate\Container\Util::unwrapIfClosure(Object(Closure))
#7 /var/www/html/vendor/illuminate/container/BoundMethod.php(35): Illuminate\Container\BoundMethod::callBoundMethod(Object(Laravel\Lumen\Application), Array, Object(Closure))
#8 /var/www/html/vendor/illuminate/container/Container.php(592): Illuminate\Container\BoundMethod::call(Object(Laravel\Lumen\Application), Array, Array, NULL)
#9 /var/www/html/vendor/laravel/lumen-framework/src/Concerns/RoutesRequests.php(386): Illuminate\Container\Container->call(Array, Array)
#10 /var/www/html/vendor/laravel/lumen-framework/src/Concerns/RoutesRequests.php(352): Laravel\Lumen\Application->callControllerCallable(Array, Array)
#11 /var/www/html/vendor/laravel/lumen-framework/src/Concerns/RoutesRequests.php(326): Laravel\Lumen\Application->callLumenController(Object(App\Http\Controllers\BillingController), 'home_cashback', Array)
#12 /var/www/html/vendor/laravel/lumen-framework/src/Concerns/RoutesRequests.php(279): Laravel\Lumen\Application->callControllerAction(Array)
#13 /var/www/html/vendor/laravel/lumen-framework/src/Concerns/RoutesRequests.php(264): Laravel\Lumen\Application->callActionOnArrayBasedRoute(Array)
#14 /var/www/html/vendor/laravel/lumen-framework/src/Concerns/RoutesRequests.php(166): Laravel\Lumen\Application->handleFoundRoute(Array)
#15 /var/www/html/vendor/laravel/lumen-framework/src/Concerns/RoutesRequests.php(426): Laravel\Lumen\Application->Laravel\Lumen\Concerns\{closure}(Object(Laravel\Lumen\Http\Request))
#16 /var/www/html/vendor/laravel/lumen-framework/src/Concerns/RoutesRequests.php(172): Laravel\Lumen\Application->sendThroughPipeline(Array, Object(Closure))
#17 /var/www/html/vendor/laravel/lumen-framework/src/Concerns/RoutesRequests.php(109): Laravel\Lumen\Application->dispatch(NULL)
#18 /var/www/html/public/index.php(28): Laravel\Lumen\Application->run()
#19 {main} {"exception":"[object] (ErrorException(code: 0): oci_bind_by_name(): ORA-01036: illegal variable name/number at /var/www/html/app/Models/BillingModel.php:200)
[stacktrace]
#0 [internal function]: Laravel\\Lumen\\Application->Laravel\\Lumen\\Concerns\\{closure}(2, 'oci_bind_by_nam...', '/var/www/html/a...', 200, Array)
#1 /var/www/html/app/Models/BillingModel.php(200): oci_bind_by_name(Resource id #108, ':SU_M', NULL, 15)
#2 /var/www/html/app/Http/Controllers/BillingController.php(97): App\\Models\\BillingModel->user_home_cashback('9047134655')
#3 [internal function]: App\\Http\\Controllers\\BillingController->home_cashback()
#4 /var/www/html/vendor/illuminate/container/BoundMethod.php(33): call_user_func_array(Array, Array)
#5 /var/www/html/vendor/illuminate/container/Util.php(37): Illuminate\\Container\\BoundMethod::Illuminate\\Container\\{closure}()
#6 /var/www/html/vendor/illuminate/container/BoundMethod.php(91): Illuminate\\Container\\Util::unwrapIfClosure(Object(Closure))
#7 /var/www/html/vendor/illuminate/container/BoundMethod.php(35): Illuminate\\Container\\BoundMethod::callBoundMethod(Object(Laravel\\Lumen\\Application), Array, Object(Closure))
#8 /var/www/html/vendor/illuminate/container/Container.php(592): Illuminate\\Container\\BoundMethod::call(Object(Laravel\\Lumen\\Application), Array, Array, NULL)
#9 /var/www/html/vendor/laravel/lumen-framework/src/Concerns/RoutesRequests.php(386): Illuminate\\Container\\Container->call(Array, Array)
#10 /var/www/html/vendor/laravel/lumen-framework/src/Concerns/RoutesRequests.php(352): Laravel\\Lumen\\Application->callControllerCallable(Array, Array)
#11 /var/www/html/vendor/laravel/lumen-framework/src/Concerns/RoutesRequests.php(326): Laravel\\Lumen\\Application->callLumenController(Object(App\\Http\\Controllers\\BillingController), 'home_cashback', Array)
#12 /var/www/html/vendor/laravel/lumen-framework/src/Concerns/RoutesRequests.php(279): Laravel\\Lumen\\Application->callControllerAction(Array)
#13 /var/www/html/vendor/laravel/lumen-framework/src/Concerns/RoutesRequests.php(264): Laravel\\Lumen\\Application->callActionOnArrayBasedRoute(Array)
#14 /var/www/html/vendor/laravel/lumen-framework/src/Concerns/RoutesRequests.php(166): Laravel\\Lumen\\Application->handleFoundRoute(Array)
#15 /var/www/html/vendor/laravel/lumen-framework/src/Concerns/RoutesRequests.php(426): Laravel\\Lumen\\Application->Laravel\\Lumen\\Concerns\\{closure}(Object(Laravel\\Lumen\\Http\\Request))
#16 /var/www/html/vendor/laravel/lumen-framework/src/Concerns/RoutesRequests.php(172): Laravel\\Lumen\\Application->sendThroughPipeline(Array, Object(Closure))
#17 /var/www/html/vendor/laravel/lumen-framework/src/Concerns/RoutesRequests.php(109): Laravel\\Lumen\\Application->dispatch(NULL)
#18 /var/www/html/public/index.php(28): Laravel\\Lumen\\Application->run()
#19 {main}
"} 
[2020-07-21 05:33:21] local.ERROR: ErrorException: oci_bind_by_name(): ORA-01036: illegal variable name/number in /var/www/html/app/Models/BillingModel.php:200
Stack trace:
#0 [internal function]: Laravel\Lumen\Application->Laravel\Lumen\Concerns\{closure}(2, 'oci_bind_by_nam...', '/var/www/html/a...', 200, Array)
#1 /var/www/html/app/Models/BillingModel.php(200): oci_bind_by_name(Resource id #108, ':SU_M', NULL, 15)
#2 /var/www/html/app/Http/Controllers/BillingController.php(97): App\Models\BillingModel->user_home_cashback('9047134655')
#3 [internal function]: App\Http\Controllers\BillingController->home_cashback()
#4 /var/www/html/vendor/illuminate/container/BoundMethod.php(33): call_user_func_array(Array, Array)
#5 /var/www/html/vendor/illuminate/container/Util.php(37): Illuminate\Container\BoundMethod::Illuminate\Container\{closure}()
#6 /var/www/html/vendor/illuminate/container/BoundMethod.php(91): Illuminate\Container\Util::unwrapIfClosure(Object(Closure))
#7 /var/www/html/vendor/illuminate/container/BoundMethod.php(35): Illuminate\Container\BoundMethod::callBoundMethod(Object(Laravel\Lumen\Application), Array, Object(Closure))
#8 /var/www/html/vendor/illuminate/container/Container.php(592): Illuminate\Container\BoundMethod::call(Object(Laravel\Lumen\Application), Array, Array, NULL)
#9 /var/www/html/vendor/laravel/lumen-framework/src/Concerns/RoutesRequests.php(386): Illuminate\Container\Container->call(Array, Array)
#10 /var/www/html/vendor/laravel/lumen-framework/src/Concerns/RoutesRequests.php(352): Laravel\Lumen\Application->callControllerCallable(Array, Array)
#11 /var/www/html/vendor/laravel/lumen-framework/src/Concerns/RoutesRequests.php(326): Laravel\Lumen\Application->callLumenController(Object(App\Http\Controllers\BillingController), 'home_cashback', Array)
#12 /var/www/html/vendor/laravel/lumen-framework/src/Concerns/RoutesRequests.php(279): Laravel\Lumen\Application->callControllerAction(Array)
#13 /var/www/html/vendor/laravel/lumen-framework/src/Concerns/RoutesRequests.php(264): Laravel\Lumen\Application->callActionOnArrayBasedRoute(Array)
#14 /var/www/html/vendor/laravel/lumen-framework/src/Concerns/RoutesRequests.php(166): Laravel\Lumen\Application->handleFoundRoute(Array)
#15 /var/www/html/vendor/laravel/lumen-framework/src/Concerns/RoutesRequests.php(426): Laravel\Lumen\Application->Laravel\Lumen\Concerns\{closure}(Object(Laravel\Lumen\Http\Request))
#16 /var/www/html/vendor/laravel/lumen-framework/src/Concerns/RoutesRequests.php(172): Laravel\Lumen\Application->sendThroughPipeline(Array, Object(Closure))
#17 /var/www/html/vendor/laravel/lumen-framework/src/Concerns/RoutesRequests.php(109): Laravel\Lumen\Application->dispatch(NULL)
#18 /var/www/html/public/index.php(28): Laravel\Lumen\Application->run()
#19 {main} {"exception":"[object] (ErrorException(code: 0): oci_bind_by_name(): ORA-01036: illegal variable name/number at /var/www/html/app/Models/BillingModel.php:200)
[stacktrace]
#0 [internal function]: Laravel\\Lumen\\Application->Laravel\\Lumen\\Concerns\\{closure}(2, 'oci_bind_by_nam...', '/var/www/html/a...', 200, Array)
#1 /var/www/html/app/Models/BillingModel.php(200): oci_bind_by_name(Resource id #108, ':SU_M', NULL, 15)
#2 /var/www/html/app/Http/Controllers/BillingController.php(97): App\\Models\\BillingModel->user_home_cashback('9047134655')
#3 [internal function]: App\\Http\\Controllers\\BillingController->home_cashback()
#4 /var/www/html/vendor/illuminate/container/BoundMethod.php(33): call_user_func_array(Array, Array)
#5 /var/www/html/vendor/illuminate/container/Util.php(37): Illuminate\\Container\\BoundMethod::Illuminate\\Container\\{closure}()
#6 /var/www/html/vendor/illuminate/container/BoundMethod.php(91): Illuminate\\Container\\Util::unwrapIfClosure(Object(Closure))
#7 /var/www/html/vendor/illuminate/container/BoundMethod.php(35): Illuminate\\Container\\BoundMethod::callBoundMethod(Object(Laravel\\Lumen\\Application), Array, Object(Closure))
#8 /var/www/html/vendor/illuminate/container/Container.php(592): Illuminate\\Container\\BoundMethod::call(Object(Laravel\\Lumen\\Application), Array, Array, NULL)
#9 /var/www/html/vendor/laravel/lumen-framework/src/Concerns/RoutesRequests.php(386): Illuminate\\Container\\Container->call(Array, Array)
#10 /var/www/html/vendor/laravel/lumen-framework/src/Concerns/RoutesRequests.php(352): Laravel\\Lumen\\Application->callControllerCallable(Array, Array)
#11 /var/www/html/vendor/laravel/lumen-framework/src/Concerns/RoutesRequests.php(326): Laravel\\Lumen\\Application->callLumenController(Object(App\\Http\\Controllers\\BillingController), 'home_cashback', Array)
#12 /var/www/html/vendor/laravel/lumen-framework/src/Concerns/RoutesRequests.php(279): Laravel\\Lumen\\Application->callControllerAction(Array)
#13 /var/www/html/vendor/laravel/lumen-framework/src/Concerns/RoutesRequests.php(264): Laravel\\Lumen\\Application->callActionOnArrayBasedRoute(Array)
#14 /var/www/html/vendor/laravel/lumen-framework/src/Concerns/RoutesRequests.php(166): Laravel\\Lumen\\Application->handleFoundRoute(Array)
#15 /var/www/html/vendor/laravel/lumen-framework/src/Concerns/RoutesRequests.php(426): Laravel\\Lumen\\Application->Laravel\\Lumen\\Concerns\\{closure}(Object(Laravel\\Lumen\\Http\\Request))
#16 /var/www/html/vendor/laravel/lumen-framework/src/Concerns/RoutesRequests.php(172): Laravel\\Lumen\\Application->sendThroughPipeline(Array, Object(Closure))
#17 /var/www/html/vendor/laravel/lumen-framework/src/Concerns/RoutesRequests.php(109): Laravel\\Lumen\\Application->dispatch(NULL)
#18 /var/www/html/public/index.php(28): Laravel\\Lumen\\Application->run()
#19 {main}
"} 
[2020-07-21 05:34:10] local.ERROR: ErrorException: oci_bind_by_name(): ORA-01036: illegal variable name/number in /var/www/html/app/Models/BillingModel.php:200
Stack trace:
#0 [internal function]: Laravel\Lumen\Application->Laravel\Lumen\Concerns\{closure}(2, 'oci_bind_by_nam...', '/var/www/html/a...', 200, Array)
#1 /var/www/html/app/Models/BillingModel.php(200): oci_bind_by_name(Resource id #108, ':SU_M', NULL, 15)
#2 /var/www/html/app/Http/Controllers/BillingController.php(97): App\Models\BillingModel->user_home_cashback('9047134655')
#3 [internal function]: App\Http\Controllers\BillingController->home_cashback()
#4 /var/www/html/vendor/illuminate/container/BoundMethod.php(33): call_user_func_array(Array, Array)
#5 /var/www/html/vendor/illuminate/container/Util.php(37): Illuminate\Container\BoundMethod::Illuminate\Container\{closure}()
#6 /var/www/html/vendor/illuminate/container/BoundMethod.php(91): Illuminate\Container\Util::unwrapIfClosure(Object(Closure))
#7 /var/www/html/vendor/illuminate/container/BoundMethod.php(35): Illuminate\Container\BoundMethod::callBoundMethod(Object(Laravel\Lumen\Application), Array, Object(Closure))
#8 /var/www/html/vendor/illuminate/container/Container.php(592): Illuminate\Container\BoundMethod::call(Object(Laravel\Lumen\Application), Array, Array, NULL)
#9 /var/www/html/vendor/laravel/lumen-framework/src/Concerns/RoutesRequests.php(386): Illuminate\Container\Container->call(Array, Array)
#10 /var/www/html/vendor/laravel/lumen-framework/src/Concerns/RoutesRequests.php(352): Laravel\Lumen\Application->callControllerCallable(Array, Array)
#11 /var/www/html/vendor/laravel/lumen-framework/src/Concerns/RoutesRequests.php(326): Laravel\Lumen\Application->callLumenController(Object(App\Http\Controllers\BillingController), 'home_cashback', Array)
#12 /var/www/html/vendor/laravel/lumen-framework/src/Concerns/RoutesRequests.php(279): Laravel\Lumen\Application->callControllerAction(Array)
#13 /var/www/html/vendor/laravel/lumen-framework/src/Concerns/RoutesRequests.php(264): Laravel\Lumen\Application->callActionOnArrayBasedRoute(Array)
#14 /var/www/html/vendor/laravel/lumen-framework/src/Concerns/RoutesRequests.php(166): Laravel\Lumen\Application->handleFoundRoute(Array)
#15 /var/www/html/vendor/laravel/lumen-framework/src/Concerns/RoutesRequests.php(426): Laravel\Lumen\Application->Laravel\Lumen\Concerns\{closure}(Object(Laravel\Lumen\Http\Request))
#16 /var/www/html/vendor/laravel/lumen-framework/src/Concerns/RoutesRequests.php(172): Laravel\Lumen\Application->sendThroughPipeline(Array, Object(Closure))
#17 /var/www/html/vendor/laravel/lumen-framework/src/Concerns/RoutesRequests.php(109): Laravel\Lumen\Application->dispatch(NULL)
#18 /var/www/html/public/index.php(28): Laravel\Lumen\Application->run()
#19 {main} {"exception":"[object] (ErrorException(code: 0): oci_bind_by_name(): ORA-01036: illegal variable name/number at /var/www/html/app/Models/BillingModel.php:200)
[stacktrace]
#0 [internal function]: Laravel\\Lumen\\Application->Laravel\\Lumen\\Concerns\\{closure}(2, 'oci_bind_by_nam...', '/var/www/html/a...', 200, Array)
#1 /var/www/html/app/Models/BillingModel.php(200): oci_bind_by_name(Resource id #108, ':SU_M', NULL, 15)
#2 /var/www/html/app/Http/Controllers/BillingController.php(97): App\\Models\\BillingModel->user_home_cashback('9047134655')
#3 [internal function]: App\\Http\\Controllers\\BillingController->home_cashback()
#4 /var/www/html/vendor/illuminate/container/BoundMethod.php(33): call_user_func_array(Array, Array)
#5 /var/www/html/vendor/illuminate/container/Util.php(37): Illuminate\\Container\\BoundMethod::Illuminate\\Container\\{closure}()
#6 /var/www/html/vendor/illuminate/container/BoundMethod.php(91): Illuminate\\Container\\Util::unwrapIfClosure(Object(Closure))
#7 /var/www/html/vendor/illuminate/container/BoundMethod.php(35): Illuminate\\Container\\BoundMethod::callBoundMethod(Object(Laravel\\Lumen\\Application), Array, Object(Closure))
#8 /var/www/html/vendor/illuminate/container/Container.php(592): Illuminate\\Container\\BoundMethod::call(Object(Laravel\\Lumen\\Application), Array, Array, NULL)
#9 /var/www/html/vendor/laravel/lumen-framework/src/Concerns/RoutesRequests.php(386): Illuminate\\Container\\Container->call(Array, Array)
#10 /var/www/html/vendor/laravel/lumen-framework/src/Concerns/RoutesRequests.php(352): Laravel\\Lumen\\Application->callControllerCallable(Array, Array)
#11 /var/www/html/vendor/laravel/lumen-framework/src/Concerns/RoutesRequests.php(326): Laravel\\Lumen\\Application->callLumenController(Object(App\\Http\\Controllers\\BillingController), 'home_cashback', Array)
#12 /var/www/html/vendor/laravel/lumen-framework/src/Concerns/RoutesRequests.php(279): Laravel\\Lumen\\Application->callControllerAction(Array)
#13 /var/www/html/vendor/laravel/lumen-framework/src/Concerns/RoutesRequests.php(264): Laravel\\Lumen\\Application->callActionOnArrayBasedRoute(Array)
#14 /var/www/html/vendor/laravel/lumen-framework/src/Concerns/RoutesRequests.php(166): Laravel\\Lumen\\Application->handleFoundRoute(Array)
#15 /var/www/html/vendor/laravel/lumen-framework/src/Concerns/RoutesRequests.php(426): Laravel\\Lumen\\Application->Laravel\\Lumen\\Concerns\\{closure}(Object(Laravel\\Lumen\\Http\\Request))
#16 /var/www/html/vendor/laravel/lumen-framework/src/Concerns/RoutesRequests.php(172): Laravel\\Lumen\\Application->sendThroughPipeline(Array, Object(Closure))
#17 /var/www/html/vendor/laravel/lumen-framework/src/Concerns/RoutesRequests.php(109): Laravel\\Lumen\\Application->dispatch(NULL)
#18 /var/www/html/public/index.php(28): Laravel\\Lumen\\Application->run()
#19 {main}
"} 
